{
  "stats": {
    "suites": 10,
    "tests": 28,
    "passes": 20,
    "pending": 5,
    "failures": 3,
    "testsRegistered": 28,
    "passPercent": 71.42857142857143,
    "pendingPercent": 17.857142857142858,
    "other": 0,
    "hasOther": false,
    "skipped": 0,
    "hasSkipped": false,
    "start": "2024-03-06T09:27:08.271Z",
    "end": "2024-03-07T09:40:45.190Z",
    "duration": 87216919
  },
  "results": [
    {
      "uuid": "9a22863b-4f6c-443a-9405-b0411fa2f67a",
      "title": "",
      "fullFile": "cypress\\e2e\\CollectionModule\\CollectionApiTest.spec.js",
      "file": "cypress\\e2e\\CollectionModule\\CollectionApiTest.spec.js",
      "beforeHooks": [],
      "afterHooks": [],
      "tests": [],
      "suites": [
        {
          "uuid": "75847bd5-64a9-4d14-938a-68dd3eb1495f",
          "title": "Coupon API Test Case Suite",
          "fullFile": "",
          "file": "",
          "beforeHooks": [],
          "afterHooks": [],
          "tests": [
            {
              "title": "wants to find the api with the graphql",
              "fullTitle": "Coupon API Test Case Suite wants to find the api with the graphql",
              "timedOut": null,
              "duration": 0,
              "state": "pending",
              "speed": null,
              "pass": false,
              "fail": false,
              "pending": true,
              "context": null,
              "code": "cy.contains('Collections').click();\ncy.contains('New Collection').click();\ncy.get('[name=\"name\"]').type('newCollection');\ncy.get('[name=\"code\"]').type('codeNewCollection');\ncy.contains('Save').click();",
              "err": {},
              "uuid": "aedcf3de-24d0-4f7d-96d8-4f4c793cd446",
              "parentUUID": "75847bd5-64a9-4d14-938a-68dd3eb1495f",
              "isHook": false,
              "skipped": false
            },
            {
              "title": "verifies creation of collection api request-response",
              "fullTitle": "Coupon API Test Case Suite verifies creation of collection api request-response",
              "timedOut": null,
              "duration": 22659,
              "state": "passed",
              "speed": "slow",
              "pass": true,
              "fail": false,
              "pending": false,
              "context": null,
              "code": "cy.intercept('POST', 'http://localhost:3000/api/collections').as('postCollections');\ncy.contains('Collection').click();\ncy.contains('New Collection').click();\ncy.get('[name=\"name\"]').type('collectionNE2');\ncy.get('[name=\"code\"]').type('colNEW2');\ncy.contains('Save').click();\ncy.wait('@postCollections').then(xhr => {\n  console.log(xhr);\n  expect(xhr.request.body.code).to.equal('colNEW2');\n  expect(xhr.response.body.data.code).to.equal('colNEW2');\n});",
              "err": {},
              "uuid": "d8d2486b-3d27-4c7f-b769-17f63a9e19b7",
              "parentUUID": "75847bd5-64a9-4d14-938a-68dd3eb1495f",
              "isHook": false,
              "skipped": false
            },
            {
              "title": "gives requests to the api, rather than going through ui",
              "fullTitle": "Coupon API Test Case Suite gives requests to the api, rather than going through ui",
              "timedOut": null,
              "duration": 0,
              "state": "pending",
              "speed": null,
              "pass": false,
              "fail": false,
              "pending": true,
              "context": null,
              "code": "const userCredentials = {\n  \"email\": \"butura.vlad.ionut@gmail.com\",\n  \"password\": \"Vladd123$\"\n};\nconst bodyRequest = {\n  \"name\": \"collectionNE2\",\n  \"collection_id\": \"\",\n  \"code\": \"colNEW2\",\n  \"description\": \"\"\n};\ncy.request('POST', 'http://localhost:3000/admin/user/login', userCredentials).its('body').then(body => {\n  const cookie = body.data.sid;\n  let uuid;\n  cy.request({\n    url: 'http://localhost:3000/api/collections',\n    headers: {\n      'Cookie': cookie\n    },\n    method: 'POST',\n    body: bodyRequest\n  }).then(response => {\n    expect(response.status).to.equal(200);\n    uuid = response.body.data.uuid;\n  });\n  cy.contains('Collections').click();\n  cy.get('table tbody').find('tr').then(row => {\n    cy.wrap(row).eq(1).find('td').then(rowData => {\n      cy.wrap(rowData).eq(0).find('.checkbox-unchecked').click();\n    });\n    cy.wrap(row).eq(0).find('a').then(a => {\n      cy.wrap(a).eq(1).find('span').click();\n      cy.contains('Delete 1 collections').parent().parent().find('.critical').click();\n    });\n  });\n  cy.request({\n    url: 'http://localhost:3000/api/collections/' + uuid,\n    headers: {\n      'Cookie': cookie\n    },\n    method: 'DELETE'\n  }).its('body').then(body => {\n    console.log(body);\n  });\n});",
              "err": {},
              "uuid": "94f6de7e-9237-44b9-9eec-21cd8a4909c5",
              "parentUUID": "75847bd5-64a9-4d14-938a-68dd3eb1495f",
              "isHook": false,
              "skipped": false
            }
          ],
          "suites": [],
          "passes": [
            "d8d2486b-3d27-4c7f-b769-17f63a9e19b7"
          ],
          "failures": [],
          "pending": [
            "aedcf3de-24d0-4f7d-96d8-4f4c793cd446",
            "94f6de7e-9237-44b9-9eec-21cd8a4909c5"
          ],
          "skipped": [],
          "duration": 22659,
          "root": false,
          "rootEmpty": false,
          "_timeout": 2000
        }
      ],
      "passes": [],
      "failures": [],
      "pending": [],
      "skipped": [],
      "duration": 0,
      "root": true,
      "rootEmpty": true,
      "_timeout": 2000
    },
    {
      "uuid": "e61a5d39-3495-41d6-a979-1d8547c6614f",
      "title": "",
      "fullFile": "cypress\\e2e\\CollectionModule\\CollectionTests.spec.js",
      "file": "cypress\\e2e\\CollectionModule\\CollectionTests.spec.js",
      "beforeHooks": [],
      "afterHooks": [],
      "tests": [],
      "suites": [
        {
          "uuid": "7eeae1f7-a097-4aad-a30a-d2a25993c16a",
          "title": "Collection test case suite",
          "fullFile": "",
          "file": "",
          "beforeHooks": [],
          "afterHooks": [],
          "tests": [
            {
              "title": "creates a collection of products and add products to it",
              "fullTitle": "Collection test case suite creates a collection of products and add products to it",
              "timedOut": null,
              "duration": 83622,
              "state": "failed",
              "speed": null,
              "pass": false,
              "fail": true,
              "pending": false,
              "context": null,
              "code": "//cy.once('uncaught:exception', () => false); //turn of, but no result\ncy.contains('Collections').click();\ncy.get('table tbody').find('tr td').then(testData => {\n  cy.wrap(testData).eq(2).find('a').click();\n});\ncy.get('.text-interactive').should('be.visible').then(link => {\n  cy.get(link).click();\n});\n// cy.get('.text-interactive').click();\ncy.contains('Select Products').parents();",
              "err": {
                "message": "TypeError: The following error originated from your application code, not from Cypress.\n\n  > Cannot read properties of undefined (reading 'collection')\n\nWhen Cypress detects uncaught errors originating from your application it will automatically fail the current test.\n\nThis behavior is configurable, and you can choose to turn this off by listening to the `uncaught:exception` event.\n\nhttps://on.cypress.io/uncaught-exception-from-application",
                "estack": "TypeError: The following error originated from your application code, not from Cypress.\n\n  > Cannot read properties of undefined (reading 'collection')\n\nWhen Cypress detects uncaught errors originating from your application it will automatically fail the current test.\n\nThis behavior is configurable, and you can choose to turn this off by listening to the `uncaught:exception` event.\n\nhttps://on.cypress.io/uncaught-exception-from-application\n    at D (http://localhost:3000/assets/admin/collectionEdit/client/b98cbd046109676bb559.js:2:1156635)\n    at Ls (http://localhost:3000/assets/admin/collectionEdit/client/b98cbd046109676bb559.js:2:1242550)\n    at va (http://localhost:3000/assets/admin/collectionEdit/client/b98cbd046109676bb559.js:2:1252145)\n    at vc (http://localhost:3000/assets/admin/collectionEdit/client/b98cbd046109676bb559.js:2:1291332)\n    at sc (http://localhost:3000/assets/admin/collectionEdit/client/b98cbd046109676bb559.js:2:1282516)\n    at ic (http://localhost:3000/assets/admin/collectionEdit/client/b98cbd046109676bb559.js:2:1282444)\n    at rc (http://localhost:3000/assets/admin/collectionEdit/client/b98cbd046109676bb559.js:2:1282297)\n    at Yl (http://localhost:3000/assets/admin/collectionEdit/client/b98cbd046109676bb559.js:2:1279103)\n    at <unknown> (http://localhost:3000/assets/admin/collectionEdit/client/b98cbd046109676bb559.js:2:1228204)\n    at t.unstable_runWithPriority (http://localhost:3000/assets/admin/collectionEdit/client/b98cbd046109676bb559.js:2:1335165)",
                "diff": null
              },
              "uuid": "cba7347a-f573-44d5-ac2d-17816bc513a6",
              "parentUUID": "7eeae1f7-a097-4aad-a30a-d2a25993c16a",
              "isHook": false,
              "skipped": false
            }
          ],
          "suites": [],
          "passes": [],
          "failures": [
            "cba7347a-f573-44d5-ac2d-17816bc513a6"
          ],
          "pending": [],
          "skipped": [],
          "duration": 83622,
          "root": false,
          "rootEmpty": false,
          "_timeout": 2000
        }
      ],
      "passes": [],
      "failures": [],
      "pending": [],
      "skipped": [],
      "duration": 0,
      "root": true,
      "rootEmpty": true,
      "_timeout": 2000
    },
    {
      "uuid": "763223fd-a6f2-4e79-a8ed-ba690896a1c4",
      "title": "",
      "fullFile": "cypress\\e2e\\CouponModule\\CouponApiTests.spec.js",
      "file": "cypress\\e2e\\CouponModule\\CouponApiTests.spec.js",
      "beforeHooks": [],
      "afterHooks": [],
      "tests": [],
      "suites": [
        {
          "uuid": "94ad6b1c-6895-4404-8949-57cffebe4c48",
          "title": "Coupon API Test Case Suite",
          "fullFile": "",
          "file": "",
          "beforeHooks": [],
          "afterHooks": [],
          "tests": [
            {
              "title": "verifies the api call to changing coupon details",
              "fullTitle": "Coupon API Test Case Suite verifies the api call to changing coupon details",
              "timedOut": null,
              "duration": 19669,
              "state": "passed",
              "speed": "slow",
              "pass": true,
              "fail": false,
              "pending": false,
              "context": null,
              "code": "cy.intercept('PATCH', 'http://localhost:3000/api/coupons/286ff959-c1ed-4489-937f-6953b97c5c90').as('patchCoupon');\ncy.contains('Coupons').click();\n// cy.get('table tbody').find('tr').then( row => {\n//     cy.wrap(row).eq(1).find('td').then( rowData => {\n//         cy.wrap(rowData).eq(1).find('a').click()\n//     })\n// })\nvar coupon = 'coupon1';\ncy.contains(coupon).click();\ncy.get('[name=\"coupon\"]').invoke('attr', 'value').should('contain', 'coupon1');\ncy.get('[name=\"coupon\"]').clear().type('coupon2');\ncy.contains('Save').click();\ncy.wait('@patchCoupon').then(xhr => {\n  console.log(xhr);\n  expect(xhr.response.statusCode).to.equal(200);\n  expect(xhr.request.body.discount_amount).to.equal('40');\n  expect(xhr.request.body.coupon).to.equal('coupon2');\n});",
              "err": {},
              "uuid": "c9fe271e-1356-44b5-bc6d-515d86898d59",
              "parentUUID": "94ad6b1c-6895-4404-8949-57cffebe4c48",
              "isHook": false,
              "skipped": false
            }
          ],
          "suites": [],
          "passes": [
            "c9fe271e-1356-44b5-bc6d-515d86898d59"
          ],
          "failures": [],
          "pending": [],
          "skipped": [],
          "duration": 19669,
          "root": false,
          "rootEmpty": false,
          "_timeout": 2000
        }
      ],
      "passes": [],
      "failures": [],
      "pending": [],
      "skipped": [],
      "duration": 0,
      "root": true,
      "rootEmpty": true,
      "_timeout": 2000
    },
    {
      "uuid": "698a4549-72bc-4610-a961-53286850e4f9",
      "title": "",
      "fullFile": "cypress\\e2e\\CouponModule\\CouponTests.spec.js",
      "file": "cypress\\e2e\\CouponModule\\CouponTests.spec.js",
      "beforeHooks": [],
      "afterHooks": [],
      "tests": [],
      "suites": [
        {
          "uuid": "b6b5d769-6bfa-4dee-a2fd-69cff913bbcb",
          "title": "Coupon Module Test Case Suite",
          "fullFile": "",
          "file": "",
          "beforeHooks": [],
          "afterHooks": [],
          "tests": [
            {
              "title": "tries to add start and end date to a coupon",
              "fullTitle": "Coupon Module Test Case Suite tries to add start and end date to a coupon",
              "timedOut": null,
              "duration": 24528,
              "state": "passed",
              "speed": "slow",
              "pass": true,
              "fail": false,
              "pending": false,
              "context": null,
              "code": "/*\n        function selectDayFromCurrent(day) {\n          let date = new Date()\n          date.setDate(date.getDate() + day)\n          let futureDay = date.getDate()\n          let futureMonth = date.toLocaleDateString('en-US', {month: 'numeric'})\n          futureMonth = futureMonth.padStart(2, '0');\n          let futureYear = date.getFullYear()\n          let dateToAssert = `${futureYear}-${futureMonth}-${futureDay}`\n          \n          cy.get('.today').invoke('attr', 'aria-label').then( dateAttribute => {\n            if(!dateAttribute.includes(futureMonth) || !dateAttribute.includes(futureYear)) {\n                cy.get('.flatpickr-next-month').click()\n                selectDayFromCurrent(day)\n            } else {\n              cy.get('.flatpickr-day').not('.prevMonthDay').not('.nextMonthDay').contains(futureDay).should('be.visible')\n              cy.get('.flatpickr-day').not('.prevMonthDay').not('.nextMonthDay').contains(futureDay).click()\n            }\n          })\n          return dateToAssert\n        }\n    \n        cy.contains(\"New Coupon\").click()\n    \n        cy.get('#start_date').then( input => {\n          cy.wrap(input).click()\n          const dateToAssert = selectDayFromCurrent(5)\n          cy.wrap(input).invoke('prop', 'value').should('contain', dateToAssert)\n          //or\n          cy.wrap(input).should('have.value', '2024-02-21')\n        })\n    \n        cy.get('#end_date').then( input => {\n          cy.wrap(input).click()\n          const dateToAssert = selectDayFromCurrent(6)\n          cy.wrap(input).invoke('prop', 'value').should('contain', dateToAssert)\n          //or\n          cy.wrap(input).should('have.value', '2024-02-26')\n        })\n        */\nfunction selectDayFromCurrent(day) {\n  let date = new Date();\n  date.setDate(date.getDate() + day);\n  let futureDay = date.getDate();\n  let futureMonth = date.toLocaleDateString('en-US', {\n    month: 'numeric'\n  });\n  let futureMonthLong = date.toLocaleDateString('en-US', {\n    month: 'long'\n  });\n  futureMonth = futureMonth.padStart(2, '0');\n  let futureYear = date.getFullYear();\n  let dateToAssert = `${futureYear}-${futureMonth}-${futureDay}`;\n  cy.get('.open').get('.today').invoke('attr', 'aria-label').then(dateAttribute => {\n    if (!dateAttribute.includes(futureMonthLong) || !dateAttribute.includes(futureYear)) {\n      cy.get('.flatpickr-next-month').click();\n      selectDayFromCurrent(day);\n    } else {\n      cy.get('span[class=\"flatpickr-day\"]').not('.prevMonthDay').not('.nextMonthDay').contains(futureDay).should('be.visible');\n      cy.get('.flatpickr-day').not('.prevMonthDay').not('.nextMonthDay').contains(futureDay).click();\n    }\n  });\n  return dateToAssert;\n}\ncy.contains(\"New Coupon\").click();\ncy.get('#start_date').click();\ncy.get('#start_date').then(input => {\n  cy.wrap(input).click();\n  const dateToAssert = selectDayFromCurrent(5);\n  cy.wrap(input).invoke('prop', 'value').should('contain', dateToAssert);\n  //sau\n  cy.wrap(input).should('have.value', '2024-03-11');\n});\n// cy.get('#end_date').then( input => {\n//   cy.wrap(input).click()\n//   const dateToAssert = selectDayFromCurrent(6)\n//   cy.wrap(input).invoke('prop', 'value').should('contain', dateToAssert)\n//   //sau\n//   cy.wrap(input).should('have.value', '2024-03-11')\n// })",
              "err": {},
              "uuid": "332bd75e-1d07-4600-8935-0b4b098f1db0",
              "parentUUID": "b6b5d769-6bfa-4dee-a2fd-69cff913bbcb",
              "isHook": false,
              "skipped": false
            },
            {
              "title": "tries to toggle the status, check the free shipping and select a discount type",
              "fullTitle": "Coupon Module Test Case Suite tries to toggle the status, check the free shipping and select a discount type",
              "timedOut": null,
              "duration": 19064,
              "state": "passed",
              "speed": "slow",
              "pass": true,
              "fail": false,
              "pending": false,
              "context": null,
              "code": "cy.contains('New Coupon').click();\ncy.get('.toggle').should('have.class', 'enabled');\ncy.get('.toggle').click();\ncy.get('.toggle').should('not.have.class', 'enabled');\ncy.get('[type=\"checkbox\"]').should('not.be.checked');\ncy.get('[type=\"checkbox\"]').click({\n  force: true\n}); //or\ncy.get('[type=\"checkbox\"]').should('be.checked');\ncy.get('[type=\"checkbox\"]').check({\n  force: true\n});\ncy.contains('Discount Type').parent().parent().find('.radio-field').children().each((child, index) => {\n  cy.wrap(child).find('input').click({\n    force: true\n  });\n  cy.wrap(child).find('input').should('be.checked');\n});",
              "err": {},
              "uuid": "f7348052-0f4a-4ebb-9157-b5f4804c628f",
              "parentUUID": "b6b5d769-6bfa-4dee-a2fd-69cff913bbcb",
              "isHook": false,
              "skipped": false
            }
          ],
          "suites": [],
          "passes": [
            "332bd75e-1d07-4600-8935-0b4b098f1db0",
            "f7348052-0f4a-4ebb-9157-b5f4804c628f"
          ],
          "failures": [],
          "pending": [],
          "skipped": [],
          "duration": 43592,
          "root": false,
          "rootEmpty": false,
          "_timeout": 2000
        }
      ],
      "passes": [],
      "failures": [],
      "pending": [],
      "skipped": [],
      "duration": 0,
      "root": true,
      "rootEmpty": true,
      "_timeout": 2000
    },
    {
      "uuid": "d372da79-4bb4-47fa-96b9-26e947014909",
      "title": "",
      "fullFile": "cypress\\e2e\\DashboardModule\\DashboardTests.spec.js",
      "file": "cypress\\e2e\\DashboardModule\\DashboardTests.spec.js",
      "beforeHooks": [],
      "afterHooks": [],
      "tests": [],
      "suites": [
        {
          "uuid": "cfd0d570-9399-4189-aa32-1a51c215474e",
          "title": "check dashboard page",
          "fullFile": "",
          "file": "",
          "beforeHooks": [],
          "afterHooks": [],
          "tests": [
            {
              "title": "shows sale statistics - daily/weekly/monthly",
              "fullTitle": "check dashboard page shows sale statistics - daily/weekly/monthly",
              "timedOut": null,
              "duration": 25942,
              "state": "passed",
              "speed": "slow",
              "pass": true,
              "fail": false,
              "pending": false,
              "context": null,
              "code": "cy.contains('Dashboard').click();\n/*\n  readStatistics.readStatisticsDailyWeeklyOrMonthly(45, 179,'Weekly');\n      readStatistics.readStatisticsDailyWeeklyOrMonthly(45, 179, 'Monthly');\n*/\ncy.get('.recharts-wrapper').find('.recharts-tooltip-wrapper').trigger('mouseover', 45, 179, {\n  force: true\n});\ncy.get('.recharts-tooltip-label').should('contain', 'Oct 31');\ncy.get('.recharts-tooltip-item').should('contain', 'count : 0');\n/* \n  bug#1 - ramane cu o iteratie in urma.\n  cy.contains('Weekly').click();\n      cy.get('.recharts-wrapper').find('.recharts-tooltip-wrapper').trigger('mouseover', 45, 179, {force: true});\n      cy.get('.recharts-tooltip-label').should('contain', 'Sep 30');\n  cy.get('.recharts-tooltip-item').should('contain', 'count : 0');\n*/",
              "err": {},
              "uuid": "9aee2a0f-3e35-4d1f-9d52-d0a03143e135",
              "parentUUID": "cfd0d570-9399-4189-aa32-1a51c215474e",
              "isHook": false,
              "skipped": false
            },
            {
              "title": "navigates to the Products section",
              "fullTitle": "check dashboard page navigates to the Products section",
              "timedOut": null,
              "duration": 24197,
              "state": "passed",
              "speed": "slow",
              "pass": true,
              "fail": false,
              "pending": false,
              "context": null,
              "code": "cy.contains('Dashboard').click();\ncy.contains('All products').click();\ncy.get('.page-heading').should('contain', 'Products');",
              "err": {},
              "uuid": "6f8f8523-9e3c-4f55-9ad0-47161541e1d8",
              "parentUUID": "cfd0d570-9399-4189-aa32-1a51c215474e",
              "isHook": false,
              "skipped": false
            }
          ],
          "suites": [],
          "passes": [
            "9aee2a0f-3e35-4d1f-9d52-d0a03143e135",
            "6f8f8523-9e3c-4f55-9ad0-47161541e1d8"
          ],
          "failures": [],
          "pending": [],
          "skipped": [],
          "duration": 50139,
          "root": false,
          "rootEmpty": false,
          "_timeout": 2000
        }
      ],
      "passes": [],
      "failures": [],
      "pending": [],
      "skipped": [],
      "duration": 0,
      "root": true,
      "rootEmpty": true,
      "_timeout": 2000
    },
    {
      "uuid": "ce38dad4-608e-4a73-af92-297ee831c2ce",
      "title": "",
      "fullFile": "cypress\\e2e\\ProductModule\\deleteProductDbTest.spec.js",
      "file": "cypress\\e2e\\ProductModule\\deleteProductDbTest.spec.js",
      "beforeHooks": [],
      "afterHooks": [],
      "tests": [],
      "suites": [
        {
          "uuid": "eb372666-b101-44a2-9008-6cf9fd035a2d",
          "title": "database tests - CRUD operations",
          "fullFile": "",
          "file": "",
          "beforeHooks": [],
          "afterHooks": [],
          "tests": [
            {
              "title": "tests only the tasks operations",
              "fullTitle": "database tests - CRUD operations tests only the tasks operations",
              "timedOut": null,
              "duration": 2718,
              "state": "passed",
              "speed": "fast",
              "pass": true,
              "fail": false,
              "pending": false,
              "context": null,
              "code": "//insert new row\ncy.task(\"READFROMDB\", {\n  //get config from cypress.config.js\n  dbConfig: Cypress.config('DB'),\n  //SQL we want to perform\n  sql: `insert into product (sku, price, weight) values ('sku-db', 500, 10);`\n});\n//verify its presence\ncy.task(\"READFROMDB\", {\n  //get config from cypress.config.js\n  dbConfig: Cypress.config('DB'),\n  //SQL we want to perform\n  sql: 'select sku, price, weight from \"product\" order by product_id desc limit 1'\n}).then(result => {\n  console.log(result.rows);\n  console.log(result.rows[0].sku);\n  expect(result.rows[0].sku).to.equal('sku-db');\n  console.log(result.rows[0].price);\n  expect(result.rows[0].price).to.equal('500.0000');\n  console.log(result.rows[0].weight);\n  expect(result.rows[0].weight).to.equal('10.0000');\n});\n//delete the row\ncy.task(\"READFROMDB\", {\n  //get config from cypress.config.js\n  dbConfig: Cypress.config('DB'),\n  //SQL we want to perform\n  sql: `delete from product where sku = 'sku-db';`\n});\n//verify the row was deleted\ncy.task(\"READFROMDB\", {\n  //get config from cypress.config.js\n  dbConfig: Cypress.config('DB'),\n  //SQL we want to perform\n  sql: 'select sku, price, weight from \"product\" order by product_id desc limit 1'\n}).then(result => {\n  console.log(result.rows);\n  console.log(result.rows[0].sku);\n  expect(result.rows[0].sku).not.to.equal('sku-db');\n  console.log(result.rows[0].price);\n  expect(result.rows[0].price).not.to.equal('500.0000');\n  console.log(result.rows[0].weight);\n  expect(result.rows[0].weight).not.to.equal('10.0000');\n});",
              "err": {},
              "uuid": "d74d84c7-9bc7-4ca0-8fac-3ac1c3cf094d",
              "parentUUID": "eb372666-b101-44a2-9008-6cf9fd035a2d",
              "isHook": false,
              "skipped": false
            }
          ],
          "suites": [],
          "passes": [
            "d74d84c7-9bc7-4ca0-8fac-3ac1c3cf094d"
          ],
          "failures": [],
          "pending": [],
          "skipped": [],
          "duration": 2718,
          "root": false,
          "rootEmpty": false,
          "_timeout": 2000
        }
      ],
      "passes": [],
      "failures": [],
      "pending": [],
      "skipped": [],
      "duration": 0,
      "root": true,
      "rootEmpty": true,
      "_timeout": 2000
    },
    {
      "uuid": "0552ca3e-f1a8-4a6d-9510-e29ab951b9c5",
      "title": "",
      "fullFile": "cypress\\e2e\\ProductModule\\ProductTests.spec.js",
      "file": "cypress\\e2e\\ProductModule\\ProductTests.spec.js",
      "beforeHooks": [],
      "afterHooks": [],
      "tests": [],
      "suites": [
        {
          "uuid": "c1474e1e-77f9-4e4d-a675-2649df60123a",
          "title": "Product Module Test Case Suite",
          "fullFile": "",
          "file": "",
          "beforeHooks": [],
          "afterHooks": [],
          "tests": [
            {
              "title": "tries to make a product with empty required fields",
              "fullTitle": "Product Module Test Case Suite tries to make a product with empty required fields",
              "timedOut": null,
              "duration": 8177,
              "state": "passed",
              "speed": "medium",
              "pass": true,
              "fail": false,
              "pending": false,
              "context": null,
              "code": "cy.contains('New Product').click();\ncy.contains('Save').click();\ncy.get('[for=\"name\"]').parent().find('.field-error').should('contain', 'This field can not be empty');\ncy.get('[for=\"sku\"]').parent().find('.field-error').should('contain', 'This field can not be empty');\ncy.get('[for=\"price\"]').parent().find('.field-error').should('contain', 'This field can not be empty');\ncy.get('[for=\"weight\"]').parent().find('.field-error').should('contain', 'This field can not be empty');\ncy.get('[for=\"qty\"]').parent().find('.field-error').should('contain', 'This field can not be empty');\ncy.get('[for=\"url_key\"]').parent().find('.field-error').should('contain', 'This field can not be empty');",
              "err": {},
              "uuid": "90f6bbb0-a2d1-4bec-b897-fbf820bbcf78",
              "parentUUID": "c1474e1e-77f9-4e4d-a675-2649df60123a",
              "isHook": false,
              "skipped": false
            },
            {
              "title": "tries to make a product with empty name",
              "fullTitle": "Product Module Test Case Suite tries to make a product with empty name",
              "timedOut": null,
              "duration": 7182,
              "state": "passed",
              "speed": "medium",
              "pass": true,
              "fail": false,
              "pending": false,
              "context": null,
              "code": "_newProduct.createNewProduct.navigateToNewProductPageAndCreateOneWithoutName('sku-pom2', '21', '4', '51', 'url_key_pom2');\ncy.get('[for=\"name\"]').parent().find('.field-error').should('contain', 'This field can not be empty');\ncy.get('[for=\"sku\"]').parent().should('not.have.class', '.has-error');\ncy.get('[for=\"price\"]').parent().should('not.have.class', '.has-error');\ncy.get('[for=\"weight\"]').parent().should('not.have.class', '.has-error');\ncy.get('[for=\"qty\"]').parent().should('not.have.class', '.has-error');\ncy.get('[for=\"url_key\"]').parent().should('not.have.class', '.has-error');",
              "err": {},
              "uuid": "57c9bd1b-8845-40cf-bceb-28a8909aaa6a",
              "parentUUID": "c1474e1e-77f9-4e4d-a675-2649df60123a",
              "isHook": false,
              "skipped": false
            },
            {
              "title": "tries to create a product with all valid fields",
              "fullTitle": "Product Module Test Case Suite tries to create a product with all valid fields",
              "timedOut": null,
              "duration": 7288,
              "state": "passed",
              "speed": "medium",
              "pass": true,
              "fail": false,
              "pending": false,
              "context": null,
              "code": "_newProduct.createNewProduct.navigateToNewProductPageAndCreateOne('test name pom', 'sku-pom-test', '37', '9', '150', 'url_key_pom-test');",
              "err": {},
              "uuid": "72f7dcc5-253f-41bc-bc54-d299b25ad4da",
              "parentUUID": "c1474e1e-77f9-4e4d-a675-2649df60123a",
              "isHook": false,
              "skipped": false
            },
            {
              "title": "tries to create and delete a product",
              "fullTitle": "Product Module Test Case Suite tries to create and delete a product",
              "timedOut": null,
              "duration": 12454,
              "state": "passed",
              "speed": "slow",
              "pass": true,
              "fail": false,
              "pending": false,
              "context": null,
              "code": "var randName = function generateRandomName() {\n  const letters = \"abcdefghijklmnopqrstuvwxyz\";\n  let name = \"\";\n  for (let i = 0; i < 6; i++) {\n    name += letters[Math.floor(Math.random() * letters.length)];\n  }\n  return name;\n};\nvar productName = 'produs de sters';\n_newProduct.createNewProduct.navigateToNewProductPageAndCreateOne(productName, randName(), '20', '3', '50', randName());\ncy.get('[placeholder=\"Name\"]').invoke('prop', 'defaultValue').as('name');\ncy.contains('Save').click();\ncy.get('.page-heading').find('.page-heading-title').as('edit');\ncy.get('@edit').should('contain', `Editing ${productName}`);\ncy.get('@edit').parent().parent().find('.breadcrum-icon').click();\n//cy.wait(5000);\n// cy.get('tbody').find('tr', {timeout: 5000}).then( trow => {\n//     cy.wrap(trow).eq(1).find('td').then( tdata => {\n//         cy.wrap(tdata).eq(0).find('.checkbox-unchecked').click();\n//     })\n//     //cy.wait(5000);\n//     cy.wrap(trow).eq(0).should('be.visible', {timeout: 5000});\n//     cy.wrap(trow).eq(0).find('a').then( a => {\n//         cy.wrap(a).eq(3).click();\n//         cy.get('[class=\"card shadow\"]').find('[class=\"button critical\"]').click();\n//     })\n// })\ncy.contains(productName).get('.checkbox-unchecked').eq(1).click();\ncy.contains('Delete').click();\ncy.get('[class=\"card shadow\"]').find('[class=\"button critical\"]').click();",
              "err": {},
              "uuid": "0ba64914-a5d1-4401-8acf-e9c8c15471b1",
              "parentUUID": "c1474e1e-77f9-4e4d-a675-2649df60123a",
              "isHook": false,
              "skipped": false
            },
            {
              "title": "tries to create product with invalid price input",
              "fullTitle": "Product Module Test Case Suite tries to create product with invalid price input",
              "timedOut": null,
              "duration": 7067,
              "state": "passed",
              "speed": "medium",
              "pass": true,
              "fail": false,
              "pending": false,
              "context": null,
              "code": "_newProduct.createNewProduct.navigateToNewProductPageAndCreateOne('name example 4', 'sku 4', 'twenty', '3', '50', 'url_key4');\ncy.get('[role=\"alert\"]').should('contain', 'Price should be a number with maximum 2 decimal places');",
              "err": {},
              "uuid": "ff7b1392-bcbd-470c-9416-9055f5367e33",
              "parentUUID": "c1474e1e-77f9-4e4d-a675-2649df60123a",
              "isHook": false,
              "skipped": false
            },
            {
              "title": "tries to create product with fake url key",
              "fullTitle": "Product Module Test Case Suite tries to create product with fake url key",
              "timedOut": null,
              "duration": 7379,
              "state": "passed",
              "speed": "medium",
              "pass": true,
              "fail": false,
              "pending": false,
              "context": null,
              "code": "_newProduct.createNewProduct.navigateToNewProductPageAndCreateOne('name example509', 'sku5', '20', '3', '50', 'www.example.com/red-cotton-t-shirt');\ncy.get('[role=\"alert\"]').should('contain', 'Invalid url_key: www.example.com/red-cotton-t-shirt');",
              "err": {},
              "uuid": "ee9ff55e-34d4-4503-9d94-03d6168b66b0",
              "parentUUID": "c1474e1e-77f9-4e4d-a675-2649df60123a",
              "isHook": false,
              "skipped": false
            },
            {
              "title": "tries to create the same product twice",
              "fullTitle": "Product Module Test Case Suite tries to create the same product twice",
              "timedOut": null,
              "duration": 19858,
              "state": "passed",
              "speed": "slow",
              "pass": true,
              "fail": false,
              "pending": false,
              "context": null,
              "code": "var prodSameName = 'same name';\n_newProduct.createNewProduct.navigateToNewProductPageAndCreateOne(prodSameName, 'same sku', '20', '3', '50', 'same_url');\ncy.get('.page-heading').find('.page-heading-title').as('edit');\ncy.get('@edit').should('contain', `Editing ${prodSameName}`);\ncy.get('@edit').parent().parent().find('.breadcrum-icon').click();\n//cy.get('.main-content-inner').contains('New Product').click();\n_newProduct.createNewProduct.navigateToNewProductPageAndCreateOne(prodSameName, 'same sku', '20', '3', '50', 'same_url');\ncy.get('[role=\"alert\"]').as('deleteAlert');\ncy.get('@deleteAlert').should('contain', 'duplicate key value violates unique constraint \"PRODUCT_SKU_UNIQUE\"');\ncy.get('@deleteAlert').parent().find('button').click();\ncy.get('[placeholder=\"SKU\"]').clear().type('sku other');\ncy.get('[placeholder=\"SKU\"]').invoke('prop', 'defaultValue').then(text => {\n  expect(text).to.equal('sku other');\n});\ncy.contains('Save').click();\ncy.get('[role=\"alert\"]').should('contain', 'duplicate key value violates unique constraint \"PRODUCT_URL_KEY_UNIQUE\"');",
              "err": {},
              "uuid": "b9b9961d-dde9-4a8e-a4ae-3781228c2533",
              "parentUUID": "c1474e1e-77f9-4e4d-a675-2649df60123a",
              "isHook": false,
              "skipped": false
            },
            {
              "title": "tries to select, change and unassign a category",
              "fullTitle": "Product Module Test Case Suite tries to select, change and unassign a category",
              "timedOut": null,
              "duration": 6857,
              "state": "passed",
              "speed": "medium",
              "pass": true,
              "fail": false,
              "pending": false,
              "context": null,
              "code": "cy.contains('New Product').click();\ncy.get('.card').as('card');\ncy.get('@card').find('.text-interactive').click();\ncy.get('@card').find('li').then(li => {\n  cy.wrap(li).eq(0).find('a').then(a => {\n    cy.wrap(a).eq(1).click();\n    cy.get('@card').find('.text-gray-500').should('contain', 'Men');\n  });\n});\ncy.contains('Change').click();\ncy.get('@card').find('li').then(li => {\n  cy.wrap(li).eq(2).find('a').then(a => {\n    cy.wrap(a).eq(1).click();\n    cy.get('@card').find('.text-gray-500').should('contain', 'Kids');\n  });\n});\ncy.contains('Unassign').click();\ncy.get('@card').should('contain', 'Select category');",
              "err": {},
              "uuid": "8fca5cac-141a-46ff-a924-d8af377a8e34",
              "parentUUID": "c1474e1e-77f9-4e4d-a675-2649df60123a",
              "isHook": false,
              "skipped": false
            },
            {
              "title": "tries to select a tax class",
              "fullTitle": "Product Module Test Case Suite tries to select a tax class",
              "timedOut": null,
              "duration": 3883,
              "state": "passed",
              "speed": "fast",
              "pass": true,
              "fail": false,
              "pending": false,
              "context": null,
              "code": "cy.contains('New Product').click();\ncy.get('.card').find('#tax_class').select('Taxable Goods').should('contain', 'Taxable Goods');\ncy.get('.card').find('#tax_class').select('None').should('contain', 'None');",
              "err": {},
              "uuid": "2661d49b-5803-4513-b16a-c1464e8e40b9",
              "parentUUID": "c1474e1e-77f9-4e4d-a675-2649df60123a",
              "isHook": false,
              "skipped": false
            },
            {
              "title": "tries to save, add, delete pictures to product description; create folders; exit folder page",
              "fullTitle": "Product Module Test Case Suite tries to save, add, delete pictures to product description; create folders; exit folder page",
              "timedOut": null,
              "duration": 8851,
              "state": "failed",
              "speed": null,
              "pass": false,
              "fail": true,
              "pending": false,
              "context": null,
              "code": "cy.contains('New Product').click();\ncy.contains('Description').parent().get('.ckeditor').find('a').click();\ncy.get('.file-browser').find('li.text-interactive').then(li => {\n  cy.wrap(li).find('a').click();\n});\ncy.get('.col-span-1').find('li').then(li => {\n  cy.wrap(li).eq(1).find('a').click();\n});\n// .then( li => {\n//   cy.wrap(li).eq(1).contains('9909').click();\n// })\ncy.get('.file-browser').find('.image-item').then(image => {\n  cy.wrap(image).eq(1).click();\n});\ncy.contains('Insert Image').click();",
              "err": {
                "message": "AssertionError: Timed out retrying after 4000ms: Expected to find element: `1`, but never found it. Queried from:\n\n              > <li.text-interactive.fill-current.flex.list-group-item>",
                "estack": "AssertionError: Timed out retrying after 4000ms: Expected to find element: `1`, but never found it. Queried from:\n\n              > <li.text-interactive.fill-current.flex.list-group-item>\n    at Context.eval (webpack://evershop/./cypress/e2e/ProductModule/ProductTests.spec.js:166:24)",
                "diff": null
              },
              "uuid": "4c35f7ab-0d0c-4c5c-8f04-da168a655c2a",
              "parentUUID": "c1474e1e-77f9-4e4d-a675-2649df60123a",
              "isHook": false,
              "skipped": false
            },
            {
              "title": "tries the description features - bold, italic, link, bulleted list, numbered list, block quote, table",
              "fullTitle": "Product Module Test Case Suite tries the description features - bold, italic, link, bulleted list, numbered list, block quote, table",
              "timedOut": null,
              "duration": 9865,
              "state": "failed",
              "speed": null,
              "pass": false,
              "fail": true,
              "pending": false,
              "context": null,
              "code": "cy.contains('New Product').click();\n//cy.get('[role=\"textbox\"]').click();\n//cy.realType('yes');\ncy.contains('Description').parent().find('.ck-toolbar__items').as('functions');\ncy.contains('Description').parent().find('[role=\"textbox\"]').as('textbox');\ncy.get('@functions').find('[data-cke-tooltip-text=\"Bold (Ctrl+B)\"]').click();\ncy.get('@textbox').click();\ncy.get('@textbox').type('using bold');\ncy.get('@functions').find('[data-cke-tooltip-text=\"Italic (Ctrl+I)\"]').click();\ncy.get('@textbox').click();\ncy.get('@textbox').type('using italic');\n// cy.get('@functions').find('[data-cke-tooltip-text=\"Italic (Ctrl+I)\"]').click();\n// cy.get('.ck-body-wrapper').find('form .ck-input').type('https://www.google.com');\n// // cy.get\n// // cy.get('@textbox').type('using links {enter}');\n// // cy.get('@functions').find('[data-cke-tooltip-text=\"Italic (Ctrl+I)\"]').click();\n// // cy.get('@textbox').type('using bold {enter}');",
              "err": {
                "message": "CKEditorError: The following error originated from your application code, not from Cypress.\n\n  > Cannot read properties of null (reading 'root')\nRead more: https://ckeditor.com/docs/ckeditor5/latest/support/error-codes.html#error-Cannot read properties of null (reading 'root')\n\nWhen Cypress detects uncaught errors originating from your application it will automatically fail the current test.\n\nThis behavior is configurable, and you can choose to turn this off by listening to the `uncaught:exception` event.\n\nhttps://on.cypress.io/uncaught-exception-from-application",
                "estack": "CKEditorError: The following error originated from your application code, not from Cypress.\n\n  > Cannot read properties of null (reading 'root')\nRead more: https://ckeditor.com/docs/ckeditor5/latest/support/error-codes.html#error-Cannot read properties of null (reading 'root')\n\nWhen Cypress detects uncaught errors originating from your application it will automatically fail the current test.\n\nThis behavior is configurable, and you can choose to turn this off by listening to the `uncaught:exception` event.\n\nhttps://on.cypress.io/uncaught-exception-from-application\nTypeError: Cannot read properties of null (reading 'root')\n    at mf (http://localhost:3000/assets/admin/productNew/client/b98cbd046109676bb559.js:2:646580)\n    at If.deleteContent (http://localhost:3000/assets/admin/productNew/client/b98cbd046109676bb559.js:2:662249)\n    at If.<anonymous> (http://localhost:3000/assets/admin/productNew/client/b98cbd046109676bb559.js:2:322528)\n    at If.fire (http://localhost:3000/assets/admin/productNew/client/b98cbd046109676bb559.js:2:318894)\n    at <computed> [as deleteContent] (http://localhost:3000/assets/admin/productNew/client/b98cbd046109676bb559.js:2:322580)\n    at Object.callback (http://localhost:3000/assets/admin/productNew/client/b98cbd046109676bb559.js:2:738139)\n    at If._runPendingChanges (http://localhost:3000/assets/admin/productNew/client/b98cbd046109676bb559.js:2:664562)\n    at If.enqueueChange (http://localhost:3000/assets/admin/productNew/client/b98cbd046109676bb559.js:2:660603)\n    at bm.execute (http://localhost:3000/assets/admin/productNew/client/b98cbd046109676bb559.js:2:738079)\n    at bm.<anonymous> (http://localhost:3000/assets/admin/productNew/client/b98cbd046109676bb559.js:2:322528)",
                "diff": null
              },
              "uuid": "ede3de10-9875-49f2-971c-c539c58e2dcb",
              "parentUUID": "c1474e1e-77f9-4e4d-a675-2649df60123a",
              "isHook": false,
              "skipped": false
            },
            {
              "title": "tries to add pictures to product and delete them",
              "fullTitle": "Product Module Test Case Suite tries to add pictures to product and delete them",
              "timedOut": null,
              "duration": 9809,
              "state": "passed",
              "speed": "medium",
              "pass": true,
              "fail": false,
              "pending": false,
              "context": null,
              "code": "//npm install --save-dev cypress-file-upload\ncy.contains('New Product').click();\ncy.contains('Media').parent().parent().find('.uploader-icon').click();\ncy.contains('Media').parent().parent().find('[type=\"file\"]', {\n  force: true\n}).selectFile(\"cypress/fixtures/pictures/example.jpg\", {\n  force: true\n});\ncy.contains('Media').parent().parent().find('img').should('be.visible');\ncy.contains('Media').parent().parent().find('img').should('have.attr', 'src').and('include', 'example.jpg');\ncy.contains('Media').parent().parent().find('[type=\"file\"]', {\n  force: true\n}).selectFile(\"cypress/fixtures/pictures/exemplu2.jpg\", {\n  force: true\n});\n//cy.wait(3000)\ncy.contains('Media').parent().parent().find('[tabindex=\"0\"]').find('img').should('have.attr', 'src').and('include', 'exemplu2.jpg');\n//.should('be.visible', {timeout: 10000})\ncy.get('#images').find('[tabindex=\"-1\"]').find('.feather-trash-2').click();",
              "err": {},
              "uuid": "cfb66134-c02e-48dc-9e7f-75755a1b1259",
              "parentUUID": "c1474e1e-77f9-4e4d-a675-2649df60123a",
              "isHook": false,
              "skipped": false
            },
            {
              "title": "tries to adjust the product status and checks it in the Products list",
              "fullTitle": "Product Module Test Case Suite tries to adjust the product status and checks it in the Products list",
              "timedOut": null,
              "duration": 19906,
              "state": "passed",
              "speed": "slow",
              "pass": true,
              "fail": false,
              "pending": false,
              "context": null,
              "code": "cy.contains('New Product').click();\ncy.get('[placeholder=\"Name\"]').type('verificare status produs');\ncy.get('[placeholder=\"Name\"]').invoke('prop', 'defaultValue').then(text => {\n  expect(text).to.equal('verificare status produs');\n});\ncy.get('[placeholder=\"SKU\"]').type('sku status');\ncy.get('[placeholder=\"SKU\"]').invoke('prop', 'defaultValue').then(text => {\n  expect(text).to.equal('sku status');\n});\ncy.get('[placeholder=\"Price\"]').type('20');\ncy.get('[placeholder=\"Price\"]').invoke('prop', 'defaultValue').then(text => {\n  expect(text).to.equal('20');\n});\ncy.get('[placeholder=\"Weight\"]').type('3');\ncy.get('[placeholder=\"Weight\"]').invoke('prop', 'defaultValue').then(text => {\n  expect(text).to.equal('3');\n});\ncy.get('[placeholder=\"Quantity\"]').type('50');\ncy.get('[placeholder=\"Quantity\"]').invoke('prop', 'defaultValue').then(text => {\n  expect(text).to.equal('50');\n});\ncy.get('[name=\"url_key\"]').type('url_key_status');\ncy.get('[name=\"url_key\"]').invoke('prop', 'defaultValue').then(text => {\n  expect(text).to.equal('url_key_status');\n});\ncy.get('[for=\"status\"]').parent().as('productStatus');\ncy.get('@productStatus').find('#status0').click({\n  force: true\n});\ncy.get('@productStatus').find('#status0').should('be.checked');\ncy.get('@productStatus').find('#status1').should('not.be.checked');\ncy.get('@productStatus').find('#status1').click({\n  force: true\n});\ncy.get('@productStatus').find('#status0').should('not.be.checked');\ncy.get('@productStatus').find('#status1').should('be.checked');\ncy.contains('Save').click();\ncy.get('.page-heading').find('.page-heading-title').as('edit');\ncy.get('@edit').should('contain', 'Editing verificare status produs');\ncy.get('@edit').parent().parent().find('.breadcrum-icon').click();\ncy.get('table tbody').find('tr td').then(testData => {\n  cy.wrap(testData).eq(6).find('span').should('have.class', 'success');\n});",
              "err": {},
              "uuid": "25f7b09a-f721-4734-b450-d071c279db95",
              "parentUUID": "c1474e1e-77f9-4e4d-a675-2649df60123a",
              "isHook": false,
              "skipped": false
            },
            {
              "title": "tries to use the search filters for Products",
              "fullTitle": "Product Module Test Case Suite tries to use the search filters for Products",
              "timedOut": null,
              "duration": 0,
              "state": "pending",
              "speed": null,
              "pass": false,
              "fail": false,
              "pending": true,
              "context": null,
              "code": "cy.contains('Products').click();\n// cy.get('[placeholder=\"Product Name\"]').type('sosete{enter}');\n// cy.get('table tbody').find('tr td').then( testData => {\n//   cy.wrap(testData).eq(2).find('a').should('contain', 'sosete');\n// })\n// cy.get('[placeholder=\"Product Name\"]').clear()\ncy.contains('Price').parent().parent().find('[placeholder=\"From\"]').type('120{enter}');\n//cy.contains('Qty').parent().parent().find('[placeholder=\"From\"]').type('35{enter}')\ncy.get('table tbody').find('tr').then(row => {\n  cy.wrap(row).eq(1).find('td').then(tableData => {\n    cy.wrap(tableData).eq(3).find('span').then(priceElement => {\n      const priceText = cy.wrap(priceElement).text();\n      const priceValue = parseFloat(priceText.substring(1));\n      cy.wrap(priceValue).should('be.at.least', 20);\n    });\n  });\n});",
              "err": {},
              "uuid": "fb4feb26-c609-45ca-93dd-6c4170230d20",
              "parentUUID": "c1474e1e-77f9-4e4d-a675-2649df60123a",
              "isHook": false,
              "skipped": false
            }
          ],
          "suites": [],
          "passes": [
            "90f6bbb0-a2d1-4bec-b897-fbf820bbcf78",
            "57c9bd1b-8845-40cf-bceb-28a8909aaa6a",
            "72f7dcc5-253f-41bc-bc54-d299b25ad4da",
            "0ba64914-a5d1-4401-8acf-e9c8c15471b1",
            "ff7b1392-bcbd-470c-9416-9055f5367e33",
            "ee9ff55e-34d4-4503-9d94-03d6168b66b0",
            "b9b9961d-dde9-4a8e-a4ae-3781228c2533",
            "8fca5cac-141a-46ff-a924-d8af377a8e34",
            "2661d49b-5803-4513-b16a-c1464e8e40b9",
            "cfb66134-c02e-48dc-9e7f-75755a1b1259",
            "25f7b09a-f721-4734-b450-d071c279db95"
          ],
          "failures": [
            "4c35f7ab-0d0c-4c5c-8f04-da168a655c2a",
            "ede3de10-9875-49f2-971c-c539c58e2dcb"
          ],
          "pending": [
            "fb4feb26-c609-45ca-93dd-6c4170230d20"
          ],
          "skipped": [],
          "duration": 128576,
          "root": false,
          "rootEmpty": false,
          "_timeout": 2000
        }
      ],
      "passes": [],
      "failures": [],
      "pending": [],
      "skipped": [],
      "duration": 0,
      "root": true,
      "rootEmpty": true,
      "_timeout": 2000
    },
    {
      "uuid": "02fe7be6-135b-4be0-88ce-4c76cf420b9b",
      "title": "",
      "fullFile": "cypress\\e2e\\ProductModule\\selectProductDbTest.spec.js",
      "file": "cypress\\e2e\\ProductModule\\selectProductDbTest.spec.js",
      "beforeHooks": [],
      "afterHooks": [],
      "tests": [],
      "suites": [
        {
          "uuid": "5309b73b-63af-4ffb-aa7e-31a0a4dee169",
          "title": "database tests - data integrity",
          "fullFile": "",
          "file": "",
          "beforeHooks": [],
          "afterHooks": [],
          "tests": [
            {
              "title": "tries to see if the newly created product is in the db",
              "fullTitle": "database tests - data integrity tries to see if the newly created product is in the db",
              "timedOut": null,
              "duration": 19168,
              "state": "passed",
              "speed": "slow",
              "pass": true,
              "fail": false,
              "pending": false,
              "context": null,
              "code": "var randName = function generateRandomName() {\n  const letters = \"abcdefghijklmnopqrstuvwxyz\";\n  let name = \"\";\n  for (let i = 0; i < 6; i++) {\n    name += letters[Math.floor(Math.random() * letters.length)];\n  }\n  return name;\n};\nvar productName = 'produs db';\nvar the_sku = 'sku_test_db';\nvar the_url_key = randName();\ncy.contains('New Product').click();\ncy.get('[placeholder=\"Name\"]').type(productName);\ncy.get('[placeholder=\"Name\"]').invoke('prop', 'defaultValue').then(text => {\n  expect(text).to.equal(productName);\n});\ncy.get('[placeholder=\"SKU\"]').type('sku_test_db');\ncy.get('[placeholder=\"SKU\"]').invoke('prop', 'defaultValue').then(text => {\n  expect(text).to.equal('sku_test_db');\n});\ncy.get('[placeholder=\"Price\"]').type('123');\ncy.get('[placeholder=\"Price\"]').invoke('prop', 'defaultValue').then(text => {\n  expect(text).to.equal('123');\n});\ncy.get('[placeholder=\"Weight\"]').type('5');\ncy.get('[placeholder=\"Weight\"]').invoke('prop', 'defaultValue').then(text => {\n  expect(text).to.equal('5');\n});\ncy.get('[placeholder=\"Quantity\"]').type('50');\ncy.get('[placeholder=\"Quantity\"]').invoke('prop', 'defaultValue').then(text => {\n  expect(text).to.equal('50');\n});\ncy.get('[name=\"url_key\"]').type(the_url_key);\ncy.get('[name=\"url_key\"]').invoke('prop', 'defaultValue').then(text => {\n  expect(text).to.equal(the_url_key);\n});\ncy.get('[name=\"group_id\"]').select('Default');\ncy.contains('Save').click();\ncy.get('.page-heading').find('.page-heading-title').as('edit');\ncy.get('@edit').should('contain', `Editing ${productName}`);\ncy.get('@edit').parent().parent().find('.breadcrum-icon').click();\ncy.contains(productName).as('product');\ncy.task(\"READFROMDB\", {\n  //get config from cypress.config.js\n  dbConfig: Cypress.config('DB'),\n  //SQL we want to perform\n  sql: 'select sku, price, weight from \"product\" order by product_id desc limit 1'\n}).then(result => {\n  console.log(result.rows);\n  console.log(result.rows[0].sku);\n  expect(result.rows[0].sku).to.equal('sku_test_db');\n  console.log(result.rows[0].price);\n  expect(result.rows[0].price).to.equal('123.0000');\n  console.log(result.rows[0].weight);\n  expect(result.rows[0].weight).to.equal('5.0000');\n});",
              "err": {},
              "uuid": "514ced50-187f-443e-b7cd-12baee940957",
              "parentUUID": "5309b73b-63af-4ffb-aa7e-31a0a4dee169",
              "isHook": false,
              "skipped": false
            },
            {
              "title": "deletes a product and verifies if it has been deleted from the database",
              "fullTitle": "database tests - data integrity deletes a product and verifies if it has been deleted from the database",
              "timedOut": null,
              "duration": 5059,
              "state": "passed",
              "speed": "medium",
              "pass": true,
              "fail": false,
              "pending": false,
              "context": null,
              "code": "cy.contains('Products').click();\nvar productName = 'produs db';\ncy.contains(productName).get('.checkbox-unchecked').eq(1).click();\ncy.contains('Delete').click();\ncy.get('[class=\"card shadow\"]').find('[class=\"button critical\"]').click();\ncy.task(\"READFROMDB\", {\n  //get config from cypress.config.js\n  dbConfig: Cypress.config('DB'),\n  //SQL we want to perform\n  sql: 'select sku, price, weight from \"product\" order by product_id desc limit 1'\n}).then(result => {\n  console.log(result.rows);\n  console.log(result.rows[0].sku);\n  expect(result.rows[0].sku).not.to.equal('sku_test_db');\n  console.log(result.rows[0].price);\n  expect(result.rows[0].price).not.to.equal('123.0000');\n  console.log(result.rows[0].weight);\n  expect(result.rows[0].weight).not.to.equal('5.0000');\n});",
              "err": {},
              "uuid": "877f8d8f-648f-402f-881c-5a69bec6654e",
              "parentUUID": "5309b73b-63af-4ffb-aa7e-31a0a4dee169",
              "isHook": false,
              "skipped": false
            }
          ],
          "suites": [],
          "passes": [
            "514ced50-187f-443e-b7cd-12baee940957",
            "877f8d8f-648f-402f-881c-5a69bec6654e"
          ],
          "failures": [],
          "pending": [],
          "skipped": [],
          "duration": 24227,
          "root": false,
          "rootEmpty": false,
          "_timeout": 2000
        }
      ],
      "passes": [],
      "failures": [],
      "pending": [],
      "skipped": [],
      "duration": 0,
      "root": true,
      "rootEmpty": true,
      "_timeout": 2000
    },
    {
      "uuid": "b9cf7f2b-524b-4773-bf30-3e479aa0a9af",
      "title": "",
      "fullFile": "cypress\\e2e\\SettingsModule\\SettingsTests.spec.js",
      "file": "cypress\\e2e\\SettingsModule\\SettingsTests.spec.js",
      "beforeHooks": [],
      "afterHooks": [],
      "tests": [],
      "suites": [
        {
          "uuid": "b557b89f-7266-4b54-a659-2829a38ee80a",
          "title": "Setting Module Test Suite",
          "fullFile": "",
          "file": "",
          "beforeHooks": [],
          "afterHooks": [],
          "tests": [
            {
              "title": "tries the settings and tests the user payment methods",
              "fullTitle": "Setting Module Test Suite tries the settings and tests the user payment methods",
              "timedOut": null,
              "duration": 0,
              "state": "pending",
              "speed": null,
              "pass": false,
              "fail": false,
              "pending": true,
              "context": null,
              "code": "cy.contains('Setting').click();\ncy.contains('Payment Setting').click();\ncy.contains('Paypal Payment').parent().parent().find('.toggle').click();\ncy.contains('Save').click();\ncy.contains('Shipping Setting').click();\n// cy.contains('Create new shipping zone').click()\n// cy.get('[placeholder=\"Enter zone name\"]').type('Bucharest')\n// cy.contains('Country').parent().parent().find('input').select('Romania')\n// cy.contains('Provinces/States').parent().parent().find('input').select('Bucuresti')\n// cy.contains(\"Save\").click()\ncy.contains('+ Add Method').click();\ncy.contains('Method name').parent().parent().find('.css-19bb58m').type('payment_method_bucuresti_romania{enter}');\ncy.get('.toggle').click();\ncy.get('[placeholder=\"Shipping cost\"]').type('14.99');\ncy.contains('Add condition').click();\ncy.get('[placeholder=\"Minimum order price\"]').type('20');\ncy.get('[placeholder=\"Maximum order price\"]').type('200');\ncy.contains('Save').click();\n//have to change this to selecting from combobox\n// cy.contains('Country').parent().parent().find('[role=\"combobox\"]').type('Romania{enter}')\n// cy.contains('Provinces/States').parent().parent().find('[role=\"combobox\"]').type('Bucuresti{enter}')\n// cy.contains('Save').click()\ncy.visit('http://localhost:3000/account/login');\n// cy.contains('Create an account').click()\n// cy.get('[name=\"full_name\"]').type('Marin Popescu')\ncy.get('[name=\"email\"]').type('marin.popescu@yahoo.com');\ncy.get('[name=\"password\"]').type('marinpop123$');\ncy.contains('SIGN IN').click();\ncy.contains('Kids').click();\ncy.get('.grid-cols-2').children().eq(1).find('.product-name').click();\ncy.get('[name=\"qty\"]').clear().type('3');\ncy.contains('ADD TO CART').click();\ncy.contains('JUST ADDED TO YOUR CART').parent().parent().find('.add-cart-popup-button').not('.underline').click();\ncy.contains('CHECKOUT').click();\ncy.get('[placeholder=\"Email\"]').type('marinpopescu@yahoo.com');\ncy.contains('Continue to shipping').click();\ncy.get('[name=\"address[full_name]\"]').type('Marin Popescu');\ncy.get('[name=\"address[telephone]\"]').type('0723345678');\ncy.get('[name=\"address[address_1]\"]').type('Address example for shipping');\ncy.get('[name=\"address[city]\"]').type('Bucharest');\ncy.get('[name=\"address[country]\"]').select('Romania');\ncy.get('[name=\"address[province]\"]').select('Bucuresti');\ncy.get('[name=\"address[postcode]\"]').type('123456');\n//cy.get('Continue to payment').click()",
              "err": {},
              "uuid": "af5ceb18-3f3f-4601-abce-6a2ca83adddb",
              "parentUUID": "b557b89f-7266-4b54-a659-2829a38ee80a",
              "isHook": false,
              "skipped": false
            }
          ],
          "suites": [],
          "passes": [],
          "failures": [],
          "pending": [
            "af5ceb18-3f3f-4601-abce-6a2ca83adddb"
          ],
          "skipped": [],
          "duration": 0,
          "root": false,
          "rootEmpty": false,
          "_timeout": 2000
        }
      ],
      "passes": [],
      "failures": [],
      "pending": [],
      "skipped": [],
      "duration": 0,
      "root": true,
      "rootEmpty": true,
      "_timeout": 2000
    },
    {
      "uuid": "9c4fb209-c55d-4ab6-9cd3-ca204f11ca18",
      "title": "",
      "fullFile": "cypress\\e2e\\AttributeModule\\AttributesApiTests.spec.js",
      "file": "cypress\\e2e\\AttributeModule\\AttributesApiTests.spec.js",
      "beforeHooks": [],
      "afterHooks": [],
      "tests": [],
      "suites": [
        {
          "uuid": "c019e877-6438-4c0e-9681-3cee0f533128",
          "title": "Attribute API Test Case Suite",
          "fullFile": "",
          "file": "",
          "beforeHooks": [],
          "afterHooks": [],
          "tests": [
            {
              "title": "verifies mock/stub api request-response",
              "fullTitle": "Attribute API Test Case Suite verifies mock/stub api request-response",
              "timedOut": null,
              "duration": 0,
              "state": "pending",
              "speed": null,
              "pass": false,
              "fail": false,
              "pending": true,
              "context": null,
              "code": "cy.intercept('POST', 'http://localhost:3000/api/admin/graphql', {\n  fixture: \"mockAttributes.json\"\n});\ncy.contains('Attributes').click();",
              "err": {},
              "uuid": "b8d47d57-3418-4e89-92bd-83f8b84a3c2e",
              "parentUUID": "c019e877-6438-4c0e-9681-3cee0f533128",
              "isHook": false,
              "skipped": false
            }
          ],
          "suites": [],
          "passes": [],
          "failures": [],
          "pending": [
            "b8d47d57-3418-4e89-92bd-83f8b84a3c2e"
          ],
          "skipped": [],
          "duration": 0,
          "root": false,
          "rootEmpty": false,
          "_timeout": 2000
        }
      ],
      "passes": [],
      "failures": [],
      "pending": [],
      "skipped": [],
      "duration": 0,
      "root": true,
      "rootEmpty": true,
      "_timeout": 2000
    }
  ],
  "meta": {
    "mocha": {
      "version": "7.0.1"
    },
    "mochawesome": {
      "options": {
        "quiet": false,
        "reportFilename": "mochawesome",
        "saveHtml": false,
        "saveJson": true,
        "consoleReporter": "spec",
        "useInlineDiffs": false,
        "code": true
      },
      "version": "7.1.3"
    },
    "marge": {
      "options": {
        "id": "default",
        "reportDir": "cypress/results/mochawesome",
        "overwrite": false,
        "html": false,
        "json": true
      },
      "version": "6.2.0"
    }
  }
}