{
  "stats": {
    "suites": 1,
    "tests": 1,
    "passes": 0,
    "pending": 1,
    "failures": 0,
    "start": "2024-03-07T09:40:44.971Z",
    "end": "2024-03-07T09:40:45.190Z",
    "duration": 219,
    "testsRegistered": 1,
    "passPercent": null,
    "pendingPercent": 100,
    "other": 0,
    "hasOther": false,
    "skipped": 0,
    "hasSkipped": false
  },
  "results": [
    {
      "uuid": "b9cf7f2b-524b-4773-bf30-3e479aa0a9af",
      "title": "",
      "fullFile": "cypress\\e2e\\SettingsModule\\SettingsTests.spec.js",
      "file": "cypress\\e2e\\SettingsModule\\SettingsTests.spec.js",
      "beforeHooks": [],
      "afterHooks": [],
      "tests": [],
      "suites": [
        {
          "uuid": "b557b89f-7266-4b54-a659-2829a38ee80a",
          "title": "Setting Module Test Suite",
          "fullFile": "",
          "file": "",
          "beforeHooks": [],
          "afterHooks": [],
          "tests": [
            {
              "title": "tries the settings and tests the user payment methods",
              "fullTitle": "Setting Module Test Suite tries the settings and tests the user payment methods",
              "timedOut": null,
              "duration": 0,
              "state": "pending",
              "speed": null,
              "pass": false,
              "fail": false,
              "pending": true,
              "context": null,
              "code": "cy.contains('Setting').click();\ncy.contains('Payment Setting').click();\ncy.contains('Paypal Payment').parent().parent().find('.toggle').click();\ncy.contains('Save').click();\ncy.contains('Shipping Setting').click();\n// cy.contains('Create new shipping zone').click()\n// cy.get('[placeholder=\"Enter zone name\"]').type('Bucharest')\n// cy.contains('Country').parent().parent().find('input').select('Romania')\n// cy.contains('Provinces/States').parent().parent().find('input').select('Bucuresti')\n// cy.contains(\"Save\").click()\ncy.contains('+ Add Method').click();\ncy.contains('Method name').parent().parent().find('.css-19bb58m').type('payment_method_bucuresti_romania{enter}');\ncy.get('.toggle').click();\ncy.get('[placeholder=\"Shipping cost\"]').type('14.99');\ncy.contains('Add condition').click();\ncy.get('[placeholder=\"Minimum order price\"]').type('20');\ncy.get('[placeholder=\"Maximum order price\"]').type('200');\ncy.contains('Save').click();\n//have to change this to selecting from combobox\n// cy.contains('Country').parent().parent().find('[role=\"combobox\"]').type('Romania{enter}')\n// cy.contains('Provinces/States').parent().parent().find('[role=\"combobox\"]').type('Bucuresti{enter}')\n// cy.contains('Save').click()\ncy.visit('http://localhost:3000/account/login');\n// cy.contains('Create an account').click()\n// cy.get('[name=\"full_name\"]').type('Marin Popescu')\ncy.get('[name=\"email\"]').type('marin.popescu@yahoo.com');\ncy.get('[name=\"password\"]').type('marinpop123$');\ncy.contains('SIGN IN').click();\ncy.contains('Kids').click();\ncy.get('.grid-cols-2').children().eq(1).find('.product-name').click();\ncy.get('[name=\"qty\"]').clear().type('3');\ncy.contains('ADD TO CART').click();\ncy.contains('JUST ADDED TO YOUR CART').parent().parent().find('.add-cart-popup-button').not('.underline').click();\ncy.contains('CHECKOUT').click();\ncy.get('[placeholder=\"Email\"]').type('marinpopescu@yahoo.com');\ncy.contains('Continue to shipping').click();\ncy.get('[name=\"address[full_name]\"]').type('Marin Popescu');\ncy.get('[name=\"address[telephone]\"]').type('0723345678');\ncy.get('[name=\"address[address_1]\"]').type('Address example for shipping');\ncy.get('[name=\"address[city]\"]').type('Bucharest');\ncy.get('[name=\"address[country]\"]').select('Romania');\ncy.get('[name=\"address[province]\"]').select('Bucuresti');\ncy.get('[name=\"address[postcode]\"]').type('123456');\n//cy.get('Continue to payment').click()",
              "err": {},
              "uuid": "af5ceb18-3f3f-4601-abce-6a2ca83adddb",
              "parentUUID": "b557b89f-7266-4b54-a659-2829a38ee80a",
              "isHook": false,
              "skipped": false
            }
          ],
          "suites": [],
          "passes": [],
          "failures": [],
          "pending": [
            "af5ceb18-3f3f-4601-abce-6a2ca83adddb"
          ],
          "skipped": [],
          "duration": 0,
          "root": false,
          "rootEmpty": false,
          "_timeout": 2000
        }
      ],
      "passes": [],
      "failures": [],
      "pending": [],
      "skipped": [],
      "duration": 0,
      "root": true,
      "rootEmpty": true,
      "_timeout": 2000
    }
  ],
  "meta": {
    "mocha": {
      "version": "7.0.1"
    },
    "mochawesome": {
      "options": {
        "quiet": false,
        "reportFilename": "mochawesome",
        "saveHtml": false,
        "saveJson": true,
        "consoleReporter": "spec",
        "useInlineDiffs": false,
        "code": true
      },
      "version": "7.1.3"
    },
    "marge": {
      "options": {
        "id": "default",
        "reportDir": "cypress/results/mochawesome",
        "overwrite": false,
        "html": false,
        "json": true
      },
      "version": "6.2.0"
    }
  }
}