{
  "stats": {
    "suites": 1,
    "tests": 14,
    "passes": 11,
    "pending": 1,
    "failures": 2,
    "start": "2024-03-07T08:20:38.024Z",
    "end": "2024-03-07T08:22:51.009Z",
    "duration": 132985,
    "testsRegistered": 14,
    "passPercent": 84.61538461538461,
    "pendingPercent": 7.142857142857142,
    "other": 0,
    "hasOther": false,
    "skipped": 0,
    "hasSkipped": false
  },
  "results": [
    {
      "uuid": "0552ca3e-f1a8-4a6d-9510-e29ab951b9c5",
      "title": "",
      "fullFile": "cypress\\e2e\\ProductModule\\ProductTests.spec.js",
      "file": "cypress\\e2e\\ProductModule\\ProductTests.spec.js",
      "beforeHooks": [],
      "afterHooks": [],
      "tests": [],
      "suites": [
        {
          "uuid": "c1474e1e-77f9-4e4d-a675-2649df60123a",
          "title": "Product Module Test Case Suite",
          "fullFile": "",
          "file": "",
          "beforeHooks": [],
          "afterHooks": [],
          "tests": [
            {
              "title": "tries to make a product with empty required fields",
              "fullTitle": "Product Module Test Case Suite tries to make a product with empty required fields",
              "timedOut": null,
              "duration": 8177,
              "state": "passed",
              "speed": "medium",
              "pass": true,
              "fail": false,
              "pending": false,
              "context": null,
              "code": "cy.contains('New Product').click();\ncy.contains('Save').click();\ncy.get('[for=\"name\"]').parent().find('.field-error').should('contain', 'This field can not be empty');\ncy.get('[for=\"sku\"]').parent().find('.field-error').should('contain', 'This field can not be empty');\ncy.get('[for=\"price\"]').parent().find('.field-error').should('contain', 'This field can not be empty');\ncy.get('[for=\"weight\"]').parent().find('.field-error').should('contain', 'This field can not be empty');\ncy.get('[for=\"qty\"]').parent().find('.field-error').should('contain', 'This field can not be empty');\ncy.get('[for=\"url_key\"]').parent().find('.field-error').should('contain', 'This field can not be empty');",
              "err": {},
              "uuid": "90f6bbb0-a2d1-4bec-b897-fbf820bbcf78",
              "parentUUID": "c1474e1e-77f9-4e4d-a675-2649df60123a",
              "isHook": false,
              "skipped": false
            },
            {
              "title": "tries to make a product with empty name",
              "fullTitle": "Product Module Test Case Suite tries to make a product with empty name",
              "timedOut": null,
              "duration": 7182,
              "state": "passed",
              "speed": "medium",
              "pass": true,
              "fail": false,
              "pending": false,
              "context": null,
              "code": "_newProduct.createNewProduct.navigateToNewProductPageAndCreateOneWithoutName('sku-pom2', '21', '4', '51', 'url_key_pom2');\ncy.get('[for=\"name\"]').parent().find('.field-error').should('contain', 'This field can not be empty');\ncy.get('[for=\"sku\"]').parent().should('not.have.class', '.has-error');\ncy.get('[for=\"price\"]').parent().should('not.have.class', '.has-error');\ncy.get('[for=\"weight\"]').parent().should('not.have.class', '.has-error');\ncy.get('[for=\"qty\"]').parent().should('not.have.class', '.has-error');\ncy.get('[for=\"url_key\"]').parent().should('not.have.class', '.has-error');",
              "err": {},
              "uuid": "57c9bd1b-8845-40cf-bceb-28a8909aaa6a",
              "parentUUID": "c1474e1e-77f9-4e4d-a675-2649df60123a",
              "isHook": false,
              "skipped": false
            },
            {
              "title": "tries to create a product with all valid fields",
              "fullTitle": "Product Module Test Case Suite tries to create a product with all valid fields",
              "timedOut": null,
              "duration": 7288,
              "state": "passed",
              "speed": "medium",
              "pass": true,
              "fail": false,
              "pending": false,
              "context": null,
              "code": "_newProduct.createNewProduct.navigateToNewProductPageAndCreateOne('test name pom', 'sku-pom-test', '37', '9', '150', 'url_key_pom-test');",
              "err": {},
              "uuid": "72f7dcc5-253f-41bc-bc54-d299b25ad4da",
              "parentUUID": "c1474e1e-77f9-4e4d-a675-2649df60123a",
              "isHook": false,
              "skipped": false
            },
            {
              "title": "tries to create and delete a product",
              "fullTitle": "Product Module Test Case Suite tries to create and delete a product",
              "timedOut": null,
              "duration": 12454,
              "state": "passed",
              "speed": "slow",
              "pass": true,
              "fail": false,
              "pending": false,
              "context": null,
              "code": "var randName = function generateRandomName() {\n  const letters = \"abcdefghijklmnopqrstuvwxyz\";\n  let name = \"\";\n  for (let i = 0; i < 6; i++) {\n    name += letters[Math.floor(Math.random() * letters.length)];\n  }\n  return name;\n};\nvar productName = 'produs de sters';\n_newProduct.createNewProduct.navigateToNewProductPageAndCreateOne(productName, randName(), '20', '3', '50', randName());\ncy.get('[placeholder=\"Name\"]').invoke('prop', 'defaultValue').as('name');\ncy.contains('Save').click();\ncy.get('.page-heading').find('.page-heading-title').as('edit');\ncy.get('@edit').should('contain', `Editing ${productName}`);\ncy.get('@edit').parent().parent().find('.breadcrum-icon').click();\n//cy.wait(5000);\n// cy.get('tbody').find('tr', {timeout: 5000}).then( trow => {\n//     cy.wrap(trow).eq(1).find('td').then( tdata => {\n//         cy.wrap(tdata).eq(0).find('.checkbox-unchecked').click();\n//     })\n//     //cy.wait(5000);\n//     cy.wrap(trow).eq(0).should('be.visible', {timeout: 5000});\n//     cy.wrap(trow).eq(0).find('a').then( a => {\n//         cy.wrap(a).eq(3).click();\n//         cy.get('[class=\"card shadow\"]').find('[class=\"button critical\"]').click();\n//     })\n// })\ncy.contains(productName).get('.checkbox-unchecked').eq(1).click();\ncy.contains('Delete').click();\ncy.get('[class=\"card shadow\"]').find('[class=\"button critical\"]').click();",
              "err": {},
              "uuid": "0ba64914-a5d1-4401-8acf-e9c8c15471b1",
              "parentUUID": "c1474e1e-77f9-4e4d-a675-2649df60123a",
              "isHook": false,
              "skipped": false
            },
            {
              "title": "tries to create product with invalid price input",
              "fullTitle": "Product Module Test Case Suite tries to create product with invalid price input",
              "timedOut": null,
              "duration": 7067,
              "state": "passed",
              "speed": "medium",
              "pass": true,
              "fail": false,
              "pending": false,
              "context": null,
              "code": "_newProduct.createNewProduct.navigateToNewProductPageAndCreateOne('name example 4', 'sku 4', 'twenty', '3', '50', 'url_key4');\ncy.get('[role=\"alert\"]').should('contain', 'Price should be a number with maximum 2 decimal places');",
              "err": {},
              "uuid": "ff7b1392-bcbd-470c-9416-9055f5367e33",
              "parentUUID": "c1474e1e-77f9-4e4d-a675-2649df60123a",
              "isHook": false,
              "skipped": false
            },
            {
              "title": "tries to create product with fake url key",
              "fullTitle": "Product Module Test Case Suite tries to create product with fake url key",
              "timedOut": null,
              "duration": 7379,
              "state": "passed",
              "speed": "medium",
              "pass": true,
              "fail": false,
              "pending": false,
              "context": null,
              "code": "_newProduct.createNewProduct.navigateToNewProductPageAndCreateOne('name example509', 'sku5', '20', '3', '50', 'www.example.com/red-cotton-t-shirt');\ncy.get('[role=\"alert\"]').should('contain', 'Invalid url_key: www.example.com/red-cotton-t-shirt');",
              "err": {},
              "uuid": "ee9ff55e-34d4-4503-9d94-03d6168b66b0",
              "parentUUID": "c1474e1e-77f9-4e4d-a675-2649df60123a",
              "isHook": false,
              "skipped": false
            },
            {
              "title": "tries to create the same product twice",
              "fullTitle": "Product Module Test Case Suite tries to create the same product twice",
              "timedOut": null,
              "duration": 19858,
              "state": "passed",
              "speed": "slow",
              "pass": true,
              "fail": false,
              "pending": false,
              "context": null,
              "code": "var prodSameName = 'same name';\n_newProduct.createNewProduct.navigateToNewProductPageAndCreateOne(prodSameName, 'same sku', '20', '3', '50', 'same_url');\ncy.get('.page-heading').find('.page-heading-title').as('edit');\ncy.get('@edit').should('contain', `Editing ${prodSameName}`);\ncy.get('@edit').parent().parent().find('.breadcrum-icon').click();\n//cy.get('.main-content-inner').contains('New Product').click();\n_newProduct.createNewProduct.navigateToNewProductPageAndCreateOne(prodSameName, 'same sku', '20', '3', '50', 'same_url');\ncy.get('[role=\"alert\"]').as('deleteAlert');\ncy.get('@deleteAlert').should('contain', 'duplicate key value violates unique constraint \"PRODUCT_SKU_UNIQUE\"');\ncy.get('@deleteAlert').parent().find('button').click();\ncy.get('[placeholder=\"SKU\"]').clear().type('sku other');\ncy.get('[placeholder=\"SKU\"]').invoke('prop', 'defaultValue').then(text => {\n  expect(text).to.equal('sku other');\n});\ncy.contains('Save').click();\ncy.get('[role=\"alert\"]').should('contain', 'duplicate key value violates unique constraint \"PRODUCT_URL_KEY_UNIQUE\"');",
              "err": {},
              "uuid": "b9b9961d-dde9-4a8e-a4ae-3781228c2533",
              "parentUUID": "c1474e1e-77f9-4e4d-a675-2649df60123a",
              "isHook": false,
              "skipped": false
            },
            {
              "title": "tries to select, change and unassign a category",
              "fullTitle": "Product Module Test Case Suite tries to select, change and unassign a category",
              "timedOut": null,
              "duration": 6857,
              "state": "passed",
              "speed": "medium",
              "pass": true,
              "fail": false,
              "pending": false,
              "context": null,
              "code": "cy.contains('New Product').click();\ncy.get('.card').as('card');\ncy.get('@card').find('.text-interactive').click();\ncy.get('@card').find('li').then(li => {\n  cy.wrap(li).eq(0).find('a').then(a => {\n    cy.wrap(a).eq(1).click();\n    cy.get('@card').find('.text-gray-500').should('contain', 'Men');\n  });\n});\ncy.contains('Change').click();\ncy.get('@card').find('li').then(li => {\n  cy.wrap(li).eq(2).find('a').then(a => {\n    cy.wrap(a).eq(1).click();\n    cy.get('@card').find('.text-gray-500').should('contain', 'Kids');\n  });\n});\ncy.contains('Unassign').click();\ncy.get('@card').should('contain', 'Select category');",
              "err": {},
              "uuid": "8fca5cac-141a-46ff-a924-d8af377a8e34",
              "parentUUID": "c1474e1e-77f9-4e4d-a675-2649df60123a",
              "isHook": false,
              "skipped": false
            },
            {
              "title": "tries to select a tax class",
              "fullTitle": "Product Module Test Case Suite tries to select a tax class",
              "timedOut": null,
              "duration": 3883,
              "state": "passed",
              "speed": "fast",
              "pass": true,
              "fail": false,
              "pending": false,
              "context": null,
              "code": "cy.contains('New Product').click();\ncy.get('.card').find('#tax_class').select('Taxable Goods').should('contain', 'Taxable Goods');\ncy.get('.card').find('#tax_class').select('None').should('contain', 'None');",
              "err": {},
              "uuid": "2661d49b-5803-4513-b16a-c1464e8e40b9",
              "parentUUID": "c1474e1e-77f9-4e4d-a675-2649df60123a",
              "isHook": false,
              "skipped": false
            },
            {
              "title": "tries to save, add, delete pictures to product description; create folders; exit folder page",
              "fullTitle": "Product Module Test Case Suite tries to save, add, delete pictures to product description; create folders; exit folder page",
              "timedOut": null,
              "duration": 8851,
              "state": "failed",
              "speed": null,
              "pass": false,
              "fail": true,
              "pending": false,
              "context": null,
              "code": "cy.contains('New Product').click();\ncy.contains('Description').parent().get('.ckeditor').find('a').click();\ncy.get('.file-browser').find('li.text-interactive').then(li => {\n  cy.wrap(li).find('a').click();\n});\ncy.get('.col-span-1').find('li').then(li => {\n  cy.wrap(li).eq(1).find('a').click();\n});\n// .then( li => {\n//   cy.wrap(li).eq(1).contains('9909').click();\n// })\ncy.get('.file-browser').find('.image-item').then(image => {\n  cy.wrap(image).eq(1).click();\n});\ncy.contains('Insert Image').click();",
              "err": {
                "message": "AssertionError: Timed out retrying after 4000ms: Expected to find element: `1`, but never found it. Queried from:\n\n              > <li.text-interactive.fill-current.flex.list-group-item>",
                "estack": "AssertionError: Timed out retrying after 4000ms: Expected to find element: `1`, but never found it. Queried from:\n\n              > <li.text-interactive.fill-current.flex.list-group-item>\n    at Context.eval (webpack://evershop/./cypress/e2e/ProductModule/ProductTests.spec.js:166:24)",
                "diff": null
              },
              "uuid": "4c35f7ab-0d0c-4c5c-8f04-da168a655c2a",
              "parentUUID": "c1474e1e-77f9-4e4d-a675-2649df60123a",
              "isHook": false,
              "skipped": false
            },
            {
              "title": "tries the description features - bold, italic, link, bulleted list, numbered list, block quote, table",
              "fullTitle": "Product Module Test Case Suite tries the description features - bold, italic, link, bulleted list, numbered list, block quote, table",
              "timedOut": null,
              "duration": 9865,
              "state": "failed",
              "speed": null,
              "pass": false,
              "fail": true,
              "pending": false,
              "context": null,
              "code": "cy.contains('New Product').click();\n//cy.get('[role=\"textbox\"]').click();\n//cy.realType('yes');\ncy.contains('Description').parent().find('.ck-toolbar__items').as('functions');\ncy.contains('Description').parent().find('[role=\"textbox\"]').as('textbox');\ncy.get('@functions').find('[data-cke-tooltip-text=\"Bold (Ctrl+B)\"]').click();\ncy.get('@textbox').click();\ncy.get('@textbox').type('using bold');\ncy.get('@functions').find('[data-cke-tooltip-text=\"Italic (Ctrl+I)\"]').click();\ncy.get('@textbox').click();\ncy.get('@textbox').type('using italic');\n// cy.get('@functions').find('[data-cke-tooltip-text=\"Italic (Ctrl+I)\"]').click();\n// cy.get('.ck-body-wrapper').find('form .ck-input').type('https://www.google.com');\n// // cy.get\n// // cy.get('@textbox').type('using links {enter}');\n// // cy.get('@functions').find('[data-cke-tooltip-text=\"Italic (Ctrl+I)\"]').click();\n// // cy.get('@textbox').type('using bold {enter}');",
              "err": {
                "message": "CKEditorError: The following error originated from your application code, not from Cypress.\n\n  > Cannot read properties of null (reading 'root')\nRead more: https://ckeditor.com/docs/ckeditor5/latest/support/error-codes.html#error-Cannot read properties of null (reading 'root')\n\nWhen Cypress detects uncaught errors originating from your application it will automatically fail the current test.\n\nThis behavior is configurable, and you can choose to turn this off by listening to the `uncaught:exception` event.\n\nhttps://on.cypress.io/uncaught-exception-from-application",
                "estack": "CKEditorError: The following error originated from your application code, not from Cypress.\n\n  > Cannot read properties of null (reading 'root')\nRead more: https://ckeditor.com/docs/ckeditor5/latest/support/error-codes.html#error-Cannot read properties of null (reading 'root')\n\nWhen Cypress detects uncaught errors originating from your application it will automatically fail the current test.\n\nThis behavior is configurable, and you can choose to turn this off by listening to the `uncaught:exception` event.\n\nhttps://on.cypress.io/uncaught-exception-from-application\nTypeError: Cannot read properties of null (reading 'root')\n    at mf (http://localhost:3000/assets/admin/productNew/client/b98cbd046109676bb559.js:2:646580)\n    at If.deleteContent (http://localhost:3000/assets/admin/productNew/client/b98cbd046109676bb559.js:2:662249)\n    at If.<anonymous> (http://localhost:3000/assets/admin/productNew/client/b98cbd046109676bb559.js:2:322528)\n    at If.fire (http://localhost:3000/assets/admin/productNew/client/b98cbd046109676bb559.js:2:318894)\n    at <computed> [as deleteContent] (http://localhost:3000/assets/admin/productNew/client/b98cbd046109676bb559.js:2:322580)\n    at Object.callback (http://localhost:3000/assets/admin/productNew/client/b98cbd046109676bb559.js:2:738139)\n    at If._runPendingChanges (http://localhost:3000/assets/admin/productNew/client/b98cbd046109676bb559.js:2:664562)\n    at If.enqueueChange (http://localhost:3000/assets/admin/productNew/client/b98cbd046109676bb559.js:2:660603)\n    at bm.execute (http://localhost:3000/assets/admin/productNew/client/b98cbd046109676bb559.js:2:738079)\n    at bm.<anonymous> (http://localhost:3000/assets/admin/productNew/client/b98cbd046109676bb559.js:2:322528)",
                "diff": null
              },
              "uuid": "ede3de10-9875-49f2-971c-c539c58e2dcb",
              "parentUUID": "c1474e1e-77f9-4e4d-a675-2649df60123a",
              "isHook": false,
              "skipped": false
            },
            {
              "title": "tries to add pictures to product and delete them",
              "fullTitle": "Product Module Test Case Suite tries to add pictures to product and delete them",
              "timedOut": null,
              "duration": 9809,
              "state": "passed",
              "speed": "medium",
              "pass": true,
              "fail": false,
              "pending": false,
              "context": null,
              "code": "//npm install --save-dev cypress-file-upload\ncy.contains('New Product').click();\ncy.contains('Media').parent().parent().find('.uploader-icon').click();\ncy.contains('Media').parent().parent().find('[type=\"file\"]', {\n  force: true\n}).selectFile(\"cypress/fixtures/pictures/example.jpg\", {\n  force: true\n});\ncy.contains('Media').parent().parent().find('img').should('be.visible');\ncy.contains('Media').parent().parent().find('img').should('have.attr', 'src').and('include', 'example.jpg');\ncy.contains('Media').parent().parent().find('[type=\"file\"]', {\n  force: true\n}).selectFile(\"cypress/fixtures/pictures/exemplu2.jpg\", {\n  force: true\n});\n//cy.wait(3000)\ncy.contains('Media').parent().parent().find('[tabindex=\"0\"]').find('img').should('have.attr', 'src').and('include', 'exemplu2.jpg');\n//.should('be.visible', {timeout: 10000})\ncy.get('#images').find('[tabindex=\"-1\"]').find('.feather-trash-2').click();",
              "err": {},
              "uuid": "cfb66134-c02e-48dc-9e7f-75755a1b1259",
              "parentUUID": "c1474e1e-77f9-4e4d-a675-2649df60123a",
              "isHook": false,
              "skipped": false
            },
            {
              "title": "tries to adjust the product status and checks it in the Products list",
              "fullTitle": "Product Module Test Case Suite tries to adjust the product status and checks it in the Products list",
              "timedOut": null,
              "duration": 19906,
              "state": "passed",
              "speed": "slow",
              "pass": true,
              "fail": false,
              "pending": false,
              "context": null,
              "code": "cy.contains('New Product').click();\ncy.get('[placeholder=\"Name\"]').type('verificare status produs');\ncy.get('[placeholder=\"Name\"]').invoke('prop', 'defaultValue').then(text => {\n  expect(text).to.equal('verificare status produs');\n});\ncy.get('[placeholder=\"SKU\"]').type('sku status');\ncy.get('[placeholder=\"SKU\"]').invoke('prop', 'defaultValue').then(text => {\n  expect(text).to.equal('sku status');\n});\ncy.get('[placeholder=\"Price\"]').type('20');\ncy.get('[placeholder=\"Price\"]').invoke('prop', 'defaultValue').then(text => {\n  expect(text).to.equal('20');\n});\ncy.get('[placeholder=\"Weight\"]').type('3');\ncy.get('[placeholder=\"Weight\"]').invoke('prop', 'defaultValue').then(text => {\n  expect(text).to.equal('3');\n});\ncy.get('[placeholder=\"Quantity\"]').type('50');\ncy.get('[placeholder=\"Quantity\"]').invoke('prop', 'defaultValue').then(text => {\n  expect(text).to.equal('50');\n});\ncy.get('[name=\"url_key\"]').type('url_key_status');\ncy.get('[name=\"url_key\"]').invoke('prop', 'defaultValue').then(text => {\n  expect(text).to.equal('url_key_status');\n});\ncy.get('[for=\"status\"]').parent().as('productStatus');\ncy.get('@productStatus').find('#status0').click({\n  force: true\n});\ncy.get('@productStatus').find('#status0').should('be.checked');\ncy.get('@productStatus').find('#status1').should('not.be.checked');\ncy.get('@productStatus').find('#status1').click({\n  force: true\n});\ncy.get('@productStatus').find('#status0').should('not.be.checked');\ncy.get('@productStatus').find('#status1').should('be.checked');\ncy.contains('Save').click();\ncy.get('.page-heading').find('.page-heading-title').as('edit');\ncy.get('@edit').should('contain', 'Editing verificare status produs');\ncy.get('@edit').parent().parent().find('.breadcrum-icon').click();\ncy.get('table tbody').find('tr td').then(testData => {\n  cy.wrap(testData).eq(6).find('span').should('have.class', 'success');\n});",
              "err": {},
              "uuid": "25f7b09a-f721-4734-b450-d071c279db95",
              "parentUUID": "c1474e1e-77f9-4e4d-a675-2649df60123a",
              "isHook": false,
              "skipped": false
            },
            {
              "title": "tries to use the search filters for Products",
              "fullTitle": "Product Module Test Case Suite tries to use the search filters for Products",
              "timedOut": null,
              "duration": 0,
              "state": "pending",
              "speed": null,
              "pass": false,
              "fail": false,
              "pending": true,
              "context": null,
              "code": "cy.contains('Products').click();\n// cy.get('[placeholder=\"Product Name\"]').type('sosete{enter}');\n// cy.get('table tbody').find('tr td').then( testData => {\n//   cy.wrap(testData).eq(2).find('a').should('contain', 'sosete');\n// })\n// cy.get('[placeholder=\"Product Name\"]').clear()\ncy.contains('Price').parent().parent().find('[placeholder=\"From\"]').type('120{enter}');\n//cy.contains('Qty').parent().parent().find('[placeholder=\"From\"]').type('35{enter}')\ncy.get('table tbody').find('tr').then(row => {\n  cy.wrap(row).eq(1).find('td').then(tableData => {\n    cy.wrap(tableData).eq(3).find('span').then(priceElement => {\n      const priceText = cy.wrap(priceElement).text();\n      const priceValue = parseFloat(priceText.substring(1));\n      cy.wrap(priceValue).should('be.at.least', 20);\n    });\n  });\n});",
              "err": {},
              "uuid": "fb4feb26-c609-45ca-93dd-6c4170230d20",
              "parentUUID": "c1474e1e-77f9-4e4d-a675-2649df60123a",
              "isHook": false,
              "skipped": false
            }
          ],
          "suites": [],
          "passes": [
            "90f6bbb0-a2d1-4bec-b897-fbf820bbcf78",
            "57c9bd1b-8845-40cf-bceb-28a8909aaa6a",
            "72f7dcc5-253f-41bc-bc54-d299b25ad4da",
            "0ba64914-a5d1-4401-8acf-e9c8c15471b1",
            "ff7b1392-bcbd-470c-9416-9055f5367e33",
            "ee9ff55e-34d4-4503-9d94-03d6168b66b0",
            "b9b9961d-dde9-4a8e-a4ae-3781228c2533",
            "8fca5cac-141a-46ff-a924-d8af377a8e34",
            "2661d49b-5803-4513-b16a-c1464e8e40b9",
            "cfb66134-c02e-48dc-9e7f-75755a1b1259",
            "25f7b09a-f721-4734-b450-d071c279db95"
          ],
          "failures": [
            "4c35f7ab-0d0c-4c5c-8f04-da168a655c2a",
            "ede3de10-9875-49f2-971c-c539c58e2dcb"
          ],
          "pending": [
            "fb4feb26-c609-45ca-93dd-6c4170230d20"
          ],
          "skipped": [],
          "duration": 128576,
          "root": false,
          "rootEmpty": false,
          "_timeout": 2000
        }
      ],
      "passes": [],
      "failures": [],
      "pending": [],
      "skipped": [],
      "duration": 0,
      "root": true,
      "rootEmpty": true,
      "_timeout": 2000
    }
  ],
  "meta": {
    "mocha": {
      "version": "7.0.1"
    },
    "mochawesome": {
      "options": {
        "quiet": false,
        "reportFilename": "mochawesome",
        "saveHtml": false,
        "saveJson": true,
        "consoleReporter": "spec",
        "useInlineDiffs": false,
        "code": true
      },
      "version": "7.1.3"
    },
    "marge": {
      "options": {
        "id": "default",
        "reportDir": "cypress/results/mochawesome",
        "overwrite": false,
        "html": false,
        "json": true
      },
      "version": "6.2.0"
    }
  }
}