<?xml version="1.0" encoding="UTF-8"?>
<testsuites name="Mocha Tests" time="52.290" tests="2" failures="0">
  <testsuite name="Root Suite" timestamp="2024-03-06T10:09:25" tests="0" file="cypress\e2e\DashboardModule\DashboardTests.spec.js" time="0.000" failures="0">
  </testsuite>
  <testsuite name="check dashboard page" timestamp="2024-03-06T10:09:25" tests="2" time="52.141" failures="0">
    <testcase name="check dashboard page shows sale statistics - daily/weekly/monthly" time="25.942" classname="shows sale statistics - daily/weekly/monthly">
    </testcase>
    <testcase name="check dashboard page navigates to the Products section" time="24.197" classname="navigates to the Products section">
    </testcase>
  </testsuite>
</testsuites>